<?xml version="1.0" encoding="UTF-8"?>
<testsuite xmlns:xsi="http://www.w3.org/2001/XMLSchema-instance" xsi:noNamespaceSchemaLocation="https://maven.apache.org/surefire/maven-surefire-plugin/xsd/surefire-test-report-3.0.xsd" version="3.0" name="com.ciudadania360.subsistematramitacion.controller.ProcesoBPMControllerTest" time="0.09" tests="1" errors="0" skipped="0" failures="0">
  <properties>
    <property name="java.specification.version" value="21"/>
    <property name="sun.cpu.isalist" value="amd64"/>
    <property name="sun.jnu.encoding" value="Cp1252"/>
    <property name="java.class.path" value="C:\ciudadania360\subsistema-tramitacion\target\test-classes;C:\ciudadania360\subsistema-tramitacion\target\classes;C:\Tools\repo\org\springframework\boot\spring-boot-starter-web\3.3.3\spring-boot-starter-web-3.3.3.jar;C:\Tools\repo\org\springframework\boot\spring-boot-starter\3.3.3\spring-boot-starter-3.3.3.jar;C:\Tools\repo\org\springframework\boot\spring-boot\3.3.3\spring-boot-3.3.3.jar;C:\Tools\repo\org\springframework\boot\spring-boot-autoconfigure\3.3.3\spring-boot-autoconfigure-3.3.3.jar;C:\Tools\repo\org\springframework\boot\spring-boot-starter-logging\3.3.3\spring-boot-starter-logging-3.3.3.jar;C:\Tools\repo\ch\qos\logback\logback-classic\1.5.7\logback-classic-1.5.7.jar;C:\Tools\repo\ch\qos\logback\logback-core\1.5.7\logback-core-1.5.7.jar;C:\Tools\repo\org\apache\logging\log4j\log4j-to-slf4j\2.23.1\log4j-to-slf4j-2.23.1.jar;C:\Tools\repo\org\apache\logging\log4j\log4j-api\2.23.1\log4j-api-2.23.1.jar;C:\Tools\repo\org\slf4j\jul-to-slf4j\2.0.16\jul-to-slf4j-2.0.16.jar;C:\Tools\repo\jakarta\annotation\jakarta.annotation-api\2.1.1\jakarta.annotation-api-2.1.1.jar;C:\Tools\repo\org\springframework\boot\spring-boot-starter-json\3.3.3\spring-boot-starter-json-3.3.3.jar;C:\Tools\repo\com\fasterxml\jackson\datatype\jackson-datatype-jdk8\2.17.2\jackson-datatype-jdk8-2.17.2.jar;C:\Tools\repo\com\fasterxml\jackson\module\jackson-module-parameter-names\2.17.2\jackson-module-parameter-names-2.17.2.jar;C:\Tools\repo\org\springframework\boot\spring-boot-starter-tomcat\3.3.3\spring-boot-starter-tomcat-3.3.3.jar;C:\Tools\repo\org\apache\tomcat\embed\tomcat-embed-core\10.1.28\tomcat-embed-core-10.1.28.jar;C:\Tools\repo\org\apache\tomcat\embed\tomcat-embed-el\10.1.28\tomcat-embed-el-10.1.28.jar;C:\Tools\repo\org\apache\tomcat\embed\tomcat-embed-websocket\10.1.28\tomcat-embed-websocket-10.1.28.jar;C:\Tools\repo\org\springframework\spring-web\6.1.12\spring-web-6.1.12.jar;C:\Tools\repo\org\springframework\spring-beans\6.1.12\spring-beans-6.1.12.jar;C:\Tools\repo\io\micrometer\micrometer-observation\1.13.3\micrometer-observation-1.13.3.jar;C:\Tools\repo\io\micrometer\micrometer-commons\1.13.3\micrometer-commons-1.13.3.jar;C:\Tools\repo\org\springframework\spring-webmvc\6.1.12\spring-webmvc-6.1.12.jar;C:\Tools\repo\org\springframework\spring-aop\6.1.12\spring-aop-6.1.12.jar;C:\Tools\repo\org\springframework\spring-context\6.1.12\spring-context-6.1.12.jar;C:\Tools\repo\org\springframework\spring-expression\6.1.12\spring-expression-6.1.12.jar;C:\Tools\repo\org\springframework\boot\spring-boot-starter-data-jpa\3.3.3\spring-boot-starter-data-jpa-3.3.3.jar;C:\Tools\repo\org\springframework\boot\spring-boot-starter-aop\3.3.3\spring-boot-starter-aop-3.3.3.jar;C:\Tools\repo\org\aspectj\aspectjweaver\1.9.22.1\aspectjweaver-1.9.22.1.jar;C:\Tools\repo\org\springframework\boot\spring-boot-starter-jdbc\3.3.3\spring-boot-starter-jdbc-3.3.3.jar;C:\Tools\repo\com\zaxxer\HikariCP\5.1.0\HikariCP-5.1.0.jar;C:\Tools\repo\org\springframework\spring-jdbc\6.1.12\spring-jdbc-6.1.12.jar;C:\Tools\repo\org\hibernate\orm\hibernate-core\6.5.2.Final\hibernate-core-6.5.2.Final.jar;C:\Tools\repo\jakarta\persistence\jakarta.persistence-api\3.1.0\jakarta.persistence-api-3.1.0.jar;C:\Tools\repo\jakarta\transaction\jakarta.transaction-api\2.0.1\jakarta.transaction-api-2.0.1.jar;C:\Tools\repo\org\jboss\logging\jboss-logging\3.5.3.Final\jboss-logging-3.5.3.Final.jar;C:\Tools\repo\org\hibernate\common\hibernate-commons-annotations\6.0.6.Final\hibernate-commons-annotations-6.0.6.Final.jar;C:\Tools\repo\io\smallrye\jandex\3.1.2\jandex-3.1.2.jar;C:\Tools\repo\com\fasterxml\classmate\1.7.0\classmate-1.7.0.jar;C:\Tools\repo\org\glassfish\jaxb\jaxb-runtime\4.0.5\jaxb-runtime-4.0.5.jar;C:\Tools\repo\org\glassfish\jaxb\jaxb-core\4.0.5\jaxb-core-4.0.5.jar;C:\Tools\repo\org\eclipse\angus\angus-activation\2.0.2\angus-activation-2.0.2.jar;C:\Tools\repo\org\glassfish\jaxb\txw2\4.0.5\txw2-4.0.5.jar;C:\Tools\repo\com\sun\istack\istack-commons-runtime\4.1.2\istack-commons-runtime-4.1.2.jar;C:\Tools\repo\jakarta\inject\jakarta.inject-api\2.0.1\jakarta.inject-api-2.0.1.jar;C:\Tools\repo\org\antlr\antlr4-runtime\4.13.0\antlr4-runtime-4.13.0.jar;C:\Tools\repo\org\springframework\data\spring-data-jpa\3.3.3\spring-data-jpa-3.3.3.jar;C:\Tools\repo\org\springframework\data\spring-data-commons\3.3.3\spring-data-commons-3.3.3.jar;C:\Tools\repo\org\springframework\spring-orm\6.1.12\spring-orm-6.1.12.jar;C:\Tools\repo\org\springframework\spring-tx\6.1.12\spring-tx-6.1.12.jar;C:\Tools\repo\org\springframework\spring-aspects\6.1.12\spring-aspects-6.1.12.jar;C:\Tools\repo\org\springframework\boot\spring-boot-starter-oauth2-resource-server\3.3.3\spring-boot-starter-oauth2-resource-server-3.3.3.jar;C:\Tools\repo\org\springframework\security\spring-security-config\6.3.3\spring-security-config-6.3.3.jar;C:\Tools\repo\org\springframework\security\spring-security-core\6.3.3\spring-security-core-6.3.3.jar;C:\Tools\repo\org\springframework\security\spring-security-crypto\6.3.3\spring-security-crypto-6.3.3.jar;C:\Tools\repo\org\springframework\security\spring-security-oauth2-resource-server\6.3.3\spring-security-oauth2-resource-server-6.3.3.jar;C:\Tools\repo\org\springframework\security\spring-security-oauth2-core\6.3.3\spring-security-oauth2-core-6.3.3.jar;C:\Tools\repo\org\springframework\security\spring-security-web\6.3.3\spring-security-web-6.3.3.jar;C:\Tools\repo\org\springframework\security\spring-security-oauth2-jose\6.3.3\spring-security-oauth2-jose-6.3.3.jar;C:\Tools\repo\com\nimbusds\nimbus-jose-jwt\9.37.3\nimbus-jose-jwt-9.37.3.jar;C:\Tools\repo\com\github\stephenc\jcip\jcip-annotations\1.0-1\jcip-annotations-1.0-1.jar;C:\Tools\repo\org\springdoc\springdoc-openapi-starter-webmvc-ui\2.5.0\springdoc-openapi-starter-webmvc-ui-2.5.0.jar;C:\Tools\repo\org\springdoc\springdoc-openapi-starter-webmvc-api\2.5.0\springdoc-openapi-starter-webmvc-api-2.5.0.jar;C:\Tools\repo\org\springdoc\springdoc-openapi-starter-common\2.5.0\springdoc-openapi-starter-common-2.5.0.jar;C:\Tools\repo\io\swagger\core\v3\swagger-core-jakarta\2.2.21\swagger-core-jakarta-2.2.21.jar;C:\Tools\repo\io\swagger\core\v3\swagger-annotations-jakarta\2.2.21\swagger-annotations-jakarta-2.2.21.jar;C:\Tools\repo\io\swagger\core\v3\swagger-models-jakarta\2.2.21\swagger-models-jakarta-2.2.21.jar;C:\Tools\repo\org\webjars\swagger-ui\5.13.0\swagger-ui-5.13.0.jar;C:\Tools\repo\io\swagger\core\v3\swagger-core\2.2.22\swagger-core-2.2.22.jar;C:\Tools\repo\jakarta\xml\bind\jakarta.xml.bind-api\4.0.2\jakarta.xml.bind-api-4.0.2.jar;C:\Tools\repo\jakarta\activation\jakarta.activation-api\2.1.3\jakarta.activation-api-2.1.3.jar;C:\Tools\repo\org\apache\commons\commons-lang3\3.14.0\commons-lang3-3.14.0.jar;C:\Tools\repo\org\slf4j\slf4j-api\2.0.16\slf4j-api-2.0.16.jar;C:\Tools\repo\com\fasterxml\jackson\core\jackson-annotations\2.17.2\jackson-annotations-2.17.2.jar;C:\Tools\repo\com\fasterxml\jackson\core\jackson-databind\2.17.2\jackson-databind-2.17.2.jar;C:\Tools\repo\com\fasterxml\jackson\core\jackson-core\2.17.2\jackson-core-2.17.2.jar;C:\Tools\repo\com\fasterxml\jackson\dataformat\jackson-dataformat-yaml\2.17.2\jackson-dataformat-yaml-2.17.2.jar;C:\Tools\repo\com\fasterxml\jackson\datatype\jackson-datatype-jsr310\2.17.2\jackson-datatype-jsr310-2.17.2.jar;C:\Tools\repo\io\swagger\core\v3\swagger-annotations\2.2.22\swagger-annotations-2.2.22.jar;C:\Tools\repo\org\yaml\snakeyaml\2.2\snakeyaml-2.2.jar;C:\Tools\repo\jakarta\validation\jakarta.validation-api\3.0.2\jakarta.validation-api-3.0.2.jar;C:\Tools\repo\io\swagger\core\v3\swagger-models\2.2.22\swagger-models-2.2.22.jar;C:\Tools\repo\org\flywaydb\flyway-core\10.20.1\flyway-core-10.20.1.jar;C:\Tools\repo\com\fasterxml\jackson\dataformat\jackson-dataformat-toml\2.17.2\jackson-dataformat-toml-2.17.2.jar;C:\Tools\repo\org\flywaydb\flyway-database-postgresql\10.20.1\flyway-database-postgresql-10.20.1.jar;C:\Tools\repo\org\postgresql\postgresql\42.7.3\postgresql-42.7.3.jar;C:\Tools\repo\org\checkerframework\checker-qual\3.42.0\checker-qual-3.42.0.jar;C:\Tools\repo\com\ciudadania360\shared\1.0.0-SNAPSHOT\shared-1.0.0-SNAPSHOT.jar;C:\Tools\repo\org\projectlombok\lombok\1.18.32\lombok-1.18.32.jar;C:\Tools\repo\org\mapstruct\mapstruct\1.5.5.Final\mapstruct-1.5.5.Final.jar;C:\Tools\repo\org\springframework\boot\spring-boot-starter-test\3.3.3\spring-boot-starter-test-3.3.3.jar;C:\Tools\repo\org\springframework\boot\spring-boot-test\3.3.3\spring-boot-test-3.3.3.jar;C:\Tools\repo\org\springframework\boot\spring-boot-test-autoconfigure\3.3.3\spring-boot-test-autoconfigure-3.3.3.jar;C:\Tools\repo\com\jayway\jsonpath\json-path\2.9.0\json-path-2.9.0.jar;C:\Tools\repo\net\minidev\json-smart\2.5.1\json-smart-2.5.1.jar;C:\Tools\repo\net\minidev\accessors-smart\2.5.1\accessors-smart-2.5.1.jar;C:\Tools\repo\org\ow2\asm\asm\9.6\asm-9.6.jar;C:\Tools\repo\org\assertj\assertj-core\3.25.3\assertj-core-3.25.3.jar;C:\Tools\repo\org\awaitility\awaitility\4.2.2\awaitility-4.2.2.jar;C:\Tools\repo\org\hamcrest\hamcrest\2.2\hamcrest-2.2.jar;C:\Tools\repo\org\junit\jupiter\junit-jupiter\5.10.3\junit-jupiter-5.10.3.jar;C:\Tools\repo\org\junit\jupiter\junit-jupiter-api\5.10.3\junit-jupiter-api-5.10.3.jar;C:\Tools\repo\org\opentest4j\opentest4j\1.3.0\opentest4j-1.3.0.jar;C:\Tools\repo\org\junit\platform\junit-platform-commons\1.10.3\junit-platform-commons-1.10.3.jar;C:\Tools\repo\org\apiguardian\apiguardian-api\1.1.2\apiguardian-api-1.1.2.jar;C:\Tools\repo\org\junit\jupiter\junit-jupiter-params\5.10.3\junit-jupiter-params-5.10.3.jar;C:\Tools\repo\org\junit\jupiter\junit-jupiter-engine\5.10.3\junit-jupiter-engine-5.10.3.jar;C:\Tools\repo\org\junit\platform\junit-platform-engine\1.10.3\junit-platform-engine-1.10.3.jar;C:\Tools\repo\org\mockito\mockito-junit-jupiter\5.11.0\mockito-junit-jupiter-5.11.0.jar;C:\Tools\repo\org\skyscreamer\jsonassert\1.5.3\jsonassert-1.5.3.jar;C:\Tools\repo\com\vaadin\external\google\android-json\0.0.20131108.vaadin1\android-json-0.0.20131108.vaadin1.jar;C:\Tools\repo\org\springframework\spring-core\6.1.12\spring-core-6.1.12.jar;C:\Tools\repo\org\springframework\spring-jcl\6.1.12\spring-jcl-6.1.12.jar;C:\Tools\repo\org\springframework\spring-test\6.1.12\spring-test-6.1.12.jar;C:\Tools\repo\org\xmlunit\xmlunit-core\2.9.1\xmlunit-core-2.9.1.jar;C:\Tools\repo\org\testcontainers\junit-jupiter\1.19.8\junit-jupiter-1.19.8.jar;C:\Tools\repo\org\testcontainers\testcontainers\1.19.8\testcontainers-1.19.8.jar;C:\Tools\repo\junit\junit\4.13.2\junit-4.13.2.jar;C:\Tools\repo\org\hamcrest\hamcrest-core\2.2\hamcrest-core-2.2.jar;C:\Tools\repo\org\apache\commons\commons-compress\1.24.0\commons-compress-1.24.0.jar;C:\Tools\repo\org\rnorth\duct-tape\duct-tape\1.0.8\duct-tape-1.0.8.jar;C:\Tools\repo\org\jetbrains\annotations\17.0.0\annotations-17.0.0.jar;C:\Tools\repo\com\github\docker-java\docker-java-api\3.3.6\docker-java-api-3.3.6.jar;C:\Tools\repo\com\github\docker-java\docker-java-transport-zerodep\3.3.6\docker-java-transport-zerodep-3.3.6.jar;C:\Tools\repo\com\github\docker-java\docker-java-transport\3.3.6\docker-java-transport-3.3.6.jar;C:\Tools\repo\net\java\dev\jna\jna\5.13.0\jna-5.13.0.jar;C:\Tools\repo\org\testcontainers\postgresql\1.19.8\postgresql-1.19.8.jar;C:\Tools\repo\org\testcontainers\jdbc\1.19.8\jdbc-1.19.8.jar;C:\Tools\repo\org\testcontainers\database-commons\1.19.8\database-commons-1.19.8.jar;C:\Tools\repo\org\mockito\mockito-core\5.11.0\mockito-core-5.11.0.jar;C:\Tools\repo\net\bytebuddy\byte-buddy\1.14.19\byte-buddy-1.14.19.jar;C:\Tools\repo\net\bytebuddy\byte-buddy-agent\1.14.19\byte-buddy-agent-1.14.19.jar;C:\Tools\repo\org\objenesis\objenesis\3.3\objenesis-3.3.jar;"/>
    <property name="java.vm.vendor" value="Oracle Corporation"/>
    <property name="sun.arch.data.model" value="64"/>
    <property name="user.variant" value=""/>
    <property name="java.vendor.url" value="https://java.oracle.com/"/>
    <property name="user.timezone" value="Europe/Madrid"/>
    <property name="os.name" value="Windows 11"/>
    <property name="java.vm.specification.version" value="21"/>
    <property name="sun.java.launcher" value="SUN_STANDARD"/>
    <property name="user.country" value="ES"/>
    <property name="sun.boot.library.path" value="C:\ssg\facsa\wtc\tools\openjdk-21.0.2\jdk-21.0.2\bin"/>
    <property name="sun.java.command" value="C:\Users\miasanchez\AppData\Local\Temp\surefire12068767873568280519\surefirebooter-20250822102227382_3.jar C:\Users\miasanchez\AppData\Local\Temp\surefire12068767873568280519 2025-08-22T10-22-27_180-jvmRun1 surefire-20250822102227382_1tmp surefire_0-20250822102227382_2tmp"/>
    <property name="jdk.debug" value="release"/>
    <property name="surefire.test.class.path" value="C:\ciudadania360\subsistema-tramitacion\target\test-classes;C:\ciudadania360\subsistema-tramitacion\target\classes;C:\Tools\repo\org\springframework\boot\spring-boot-starter-web\3.3.3\spring-boot-starter-web-3.3.3.jar;C:\Tools\repo\org\springframework\boot\spring-boot-starter\3.3.3\spring-boot-starter-3.3.3.jar;C:\Tools\repo\org\springframework\boot\spring-boot\3.3.3\spring-boot-3.3.3.jar;C:\Tools\repo\org\springframework\boot\spring-boot-autoconfigure\3.3.3\spring-boot-autoconfigure-3.3.3.jar;C:\Tools\repo\org\springframework\boot\spring-boot-starter-logging\3.3.3\spring-boot-starter-logging-3.3.3.jar;C:\Tools\repo\ch\qos\logback\logback-classic\1.5.7\logback-classic-1.5.7.jar;C:\Tools\repo\ch\qos\logback\logback-core\1.5.7\logback-core-1.5.7.jar;C:\Tools\repo\org\apache\logging\log4j\log4j-to-slf4j\2.23.1\log4j-to-slf4j-2.23.1.jar;C:\Tools\repo\org\apache\logging\log4j\log4j-api\2.23.1\log4j-api-2.23.1.jar;C:\Tools\repo\org\slf4j\jul-to-slf4j\2.0.16\jul-to-slf4j-2.0.16.jar;C:\Tools\repo\jakarta\annotation\jakarta.annotation-api\2.1.1\jakarta.annotation-api-2.1.1.jar;C:\Tools\repo\org\springframework\boot\spring-boot-starter-json\3.3.3\spring-boot-starter-json-3.3.3.jar;C:\Tools\repo\com\fasterxml\jackson\datatype\jackson-datatype-jdk8\2.17.2\jackson-datatype-jdk8-2.17.2.jar;C:\Tools\repo\com\fasterxml\jackson\module\jackson-module-parameter-names\2.17.2\jackson-module-parameter-names-2.17.2.jar;C:\Tools\repo\org\springframework\boot\spring-boot-starter-tomcat\3.3.3\spring-boot-starter-tomcat-3.3.3.jar;C:\Tools\repo\org\apache\tomcat\embed\tomcat-embed-core\10.1.28\tomcat-embed-core-10.1.28.jar;C:\Tools\repo\org\apache\tomcat\embed\tomcat-embed-el\10.1.28\tomcat-embed-el-10.1.28.jar;C:\Tools\repo\org\apache\tomcat\embed\tomcat-embed-websocket\10.1.28\tomcat-embed-websocket-10.1.28.jar;C:\Tools\repo\org\springframework\spring-web\6.1.12\spring-web-6.1.12.jar;C:\Tools\repo\org\springframework\spring-beans\6.1.12\spring-beans-6.1.12.jar;C:\Tools\repo\io\micrometer\micrometer-observation\1.13.3\micrometer-observation-1.13.3.jar;C:\Tools\repo\io\micrometer\micrometer-commons\1.13.3\micrometer-commons-1.13.3.jar;C:\Tools\repo\org\springframework\spring-webmvc\6.1.12\spring-webmvc-6.1.12.jar;C:\Tools\repo\org\springframework\spring-aop\6.1.12\spring-aop-6.1.12.jar;C:\Tools\repo\org\springframework\spring-context\6.1.12\spring-context-6.1.12.jar;C:\Tools\repo\org\springframework\spring-expression\6.1.12\spring-expression-6.1.12.jar;C:\Tools\repo\org\springframework\boot\spring-boot-starter-data-jpa\3.3.3\spring-boot-starter-data-jpa-3.3.3.jar;C:\Tools\repo\org\springframework\boot\spring-boot-starter-aop\3.3.3\spring-boot-starter-aop-3.3.3.jar;C:\Tools\repo\org\aspectj\aspectjweaver\1.9.22.1\aspectjweaver-1.9.22.1.jar;C:\Tools\repo\org\springframework\boot\spring-boot-starter-jdbc\3.3.3\spring-boot-starter-jdbc-3.3.3.jar;C:\Tools\repo\com\zaxxer\HikariCP\5.1.0\HikariCP-5.1.0.jar;C:\Tools\repo\org\springframework\spring-jdbc\6.1.12\spring-jdbc-6.1.12.jar;C:\Tools\repo\org\hibernate\orm\hibernate-core\6.5.2.Final\hibernate-core-6.5.2.Final.jar;C:\Tools\repo\jakarta\persistence\jakarta.persistence-api\3.1.0\jakarta.persistence-api-3.1.0.jar;C:\Tools\repo\jakarta\transaction\jakarta.transaction-api\2.0.1\jakarta.transaction-api-2.0.1.jar;C:\Tools\repo\org\jboss\logging\jboss-logging\3.5.3.Final\jboss-logging-3.5.3.Final.jar;C:\Tools\repo\org\hibernate\common\hibernate-commons-annotations\6.0.6.Final\hibernate-commons-annotations-6.0.6.Final.jar;C:\Tools\repo\io\smallrye\jandex\3.1.2\jandex-3.1.2.jar;C:\Tools\repo\com\fasterxml\classmate\1.7.0\classmate-1.7.0.jar;C:\Tools\repo\org\glassfish\jaxb\jaxb-runtime\4.0.5\jaxb-runtime-4.0.5.jar;C:\Tools\repo\org\glassfish\jaxb\jaxb-core\4.0.5\jaxb-core-4.0.5.jar;C:\Tools\repo\org\eclipse\angus\angus-activation\2.0.2\angus-activation-2.0.2.jar;C:\Tools\repo\org\glassfish\jaxb\txw2\4.0.5\txw2-4.0.5.jar;C:\Tools\repo\com\sun\istack\istack-commons-runtime\4.1.2\istack-commons-runtime-4.1.2.jar;C:\Tools\repo\jakarta\inject\jakarta.inject-api\2.0.1\jakarta.inject-api-2.0.1.jar;C:\Tools\repo\org\antlr\antlr4-runtime\4.13.0\antlr4-runtime-4.13.0.jar;C:\Tools\repo\org\springframework\data\spring-data-jpa\3.3.3\spring-data-jpa-3.3.3.jar;C:\Tools\repo\org\springframework\data\spring-data-commons\3.3.3\spring-data-commons-3.3.3.jar;C:\Tools\repo\org\springframework\spring-orm\6.1.12\spring-orm-6.1.12.jar;C:\Tools\repo\org\springframework\spring-tx\6.1.12\spring-tx-6.1.12.jar;C:\Tools\repo\org\springframework\spring-aspects\6.1.12\spring-aspects-6.1.12.jar;C:\Tools\repo\org\springframework\boot\spring-boot-starter-oauth2-resource-server\3.3.3\spring-boot-starter-oauth2-resource-server-3.3.3.jar;C:\Tools\repo\org\springframework\security\spring-security-config\6.3.3\spring-security-config-6.3.3.jar;C:\Tools\repo\org\springframework\security\spring-security-core\6.3.3\spring-security-core-6.3.3.jar;C:\Tools\repo\org\springframework\security\spring-security-crypto\6.3.3\spring-security-crypto-6.3.3.jar;C:\Tools\repo\org\springframework\security\spring-security-oauth2-resource-server\6.3.3\spring-security-oauth2-resource-server-6.3.3.jar;C:\Tools\repo\org\springframework\security\spring-security-oauth2-core\6.3.3\spring-security-oauth2-core-6.3.3.jar;C:\Tools\repo\org\springframework\security\spring-security-web\6.3.3\spring-security-web-6.3.3.jar;C:\Tools\repo\org\springframework\security\spring-security-oauth2-jose\6.3.3\spring-security-oauth2-jose-6.3.3.jar;C:\Tools\repo\com\nimbusds\nimbus-jose-jwt\9.37.3\nimbus-jose-jwt-9.37.3.jar;C:\Tools\repo\com\github\stephenc\jcip\jcip-annotations\1.0-1\jcip-annotations-1.0-1.jar;C:\Tools\repo\org\springdoc\springdoc-openapi-starter-webmvc-ui\2.5.0\springdoc-openapi-starter-webmvc-ui-2.5.0.jar;C:\Tools\repo\org\springdoc\springdoc-openapi-starter-webmvc-api\2.5.0\springdoc-openapi-starter-webmvc-api-2.5.0.jar;C:\Tools\repo\org\springdoc\springdoc-openapi-starter-common\2.5.0\springdoc-openapi-starter-common-2.5.0.jar;C:\Tools\repo\io\swagger\core\v3\swagger-core-jakarta\2.2.21\swagger-core-jakarta-2.2.21.jar;C:\Tools\repo\io\swagger\core\v3\swagger-annotations-jakarta\2.2.21\swagger-annotations-jakarta-2.2.21.jar;C:\Tools\repo\io\swagger\core\v3\swagger-models-jakarta\2.2.21\swagger-models-jakarta-2.2.21.jar;C:\Tools\repo\org\webjars\swagger-ui\5.13.0\swagger-ui-5.13.0.jar;C:\Tools\repo\io\swagger\core\v3\swagger-core\2.2.22\swagger-core-2.2.22.jar;C:\Tools\repo\jakarta\xml\bind\jakarta.xml.bind-api\4.0.2\jakarta.xml.bind-api-4.0.2.jar;C:\Tools\repo\jakarta\activation\jakarta.activation-api\2.1.3\jakarta.activation-api-2.1.3.jar;C:\Tools\repo\org\apache\commons\commons-lang3\3.14.0\commons-lang3-3.14.0.jar;C:\Tools\repo\org\slf4j\slf4j-api\2.0.16\slf4j-api-2.0.16.jar;C:\Tools\repo\com\fasterxml\jackson\core\jackson-annotations\2.17.2\jackson-annotations-2.17.2.jar;C:\Tools\repo\com\fasterxml\jackson\core\jackson-databind\2.17.2\jackson-databind-2.17.2.jar;C:\Tools\repo\com\fasterxml\jackson\core\jackson-core\2.17.2\jackson-core-2.17.2.jar;C:\Tools\repo\com\fasterxml\jackson\dataformat\jackson-dataformat-yaml\2.17.2\jackson-dataformat-yaml-2.17.2.jar;C:\Tools\repo\com\fasterxml\jackson\datatype\jackson-datatype-jsr310\2.17.2\jackson-datatype-jsr310-2.17.2.jar;C:\Tools\repo\io\swagger\core\v3\swagger-annotations\2.2.22\swagger-annotations-2.2.22.jar;C:\Tools\repo\org\yaml\snakeyaml\2.2\snakeyaml-2.2.jar;C:\Tools\repo\jakarta\validation\jakarta.validation-api\3.0.2\jakarta.validation-api-3.0.2.jar;C:\Tools\repo\io\swagger\core\v3\swagger-models\2.2.22\swagger-models-2.2.22.jar;C:\Tools\repo\org\flywaydb\flyway-core\10.20.1\flyway-core-10.20.1.jar;C:\Tools\repo\com\fasterxml\jackson\dataformat\jackson-dataformat-toml\2.17.2\jackson-dataformat-toml-2.17.2.jar;C:\Tools\repo\org\flywaydb\flyway-database-postgresql\10.20.1\flyway-database-postgresql-10.20.1.jar;C:\Tools\repo\org\postgresql\postgresql\42.7.3\postgresql-42.7.3.jar;C:\Tools\repo\org\checkerframework\checker-qual\3.42.0\checker-qual-3.42.0.jar;C:\Tools\repo\com\ciudadania360\shared\1.0.0-SNAPSHOT\shared-1.0.0-SNAPSHOT.jar;C:\Tools\repo\org\projectlombok\lombok\1.18.32\lombok-1.18.32.jar;C:\Tools\repo\org\mapstruct\mapstruct\1.5.5.Final\mapstruct-1.5.5.Final.jar;C:\Tools\repo\org\springframework\boot\spring-boot-starter-test\3.3.3\spring-boot-starter-test-3.3.3.jar;C:\Tools\repo\org\springframework\boot\spring-boot-test\3.3.3\spring-boot-test-3.3.3.jar;C:\Tools\repo\org\springframework\boot\spring-boot-test-autoconfigure\3.3.3\spring-boot-test-autoconfigure-3.3.3.jar;C:\Tools\repo\com\jayway\jsonpath\json-path\2.9.0\json-path-2.9.0.jar;C:\Tools\repo\net\minidev\json-smart\2.5.1\json-smart-2.5.1.jar;C:\Tools\repo\net\minidev\accessors-smart\2.5.1\accessors-smart-2.5.1.jar;C:\Tools\repo\org\ow2\asm\asm\9.6\asm-9.6.jar;C:\Tools\repo\org\assertj\assertj-core\3.25.3\assertj-core-3.25.3.jar;C:\Tools\repo\org\awaitility\awaitility\4.2.2\awaitility-4.2.2.jar;C:\Tools\repo\org\hamcrest\hamcrest\2.2\hamcrest-2.2.jar;C:\Tools\repo\org\junit\jupiter\junit-jupiter\5.10.3\junit-jupiter-5.10.3.jar;C:\Tools\repo\org\junit\jupiter\junit-jupiter-api\5.10.3\junit-jupiter-api-5.10.3.jar;C:\Tools\repo\org\opentest4j\opentest4j\1.3.0\opentest4j-1.3.0.jar;C:\Tools\repo\org\junit\platform\junit-platform-commons\1.10.3\junit-platform-commons-1.10.3.jar;C:\Tools\repo\org\apiguardian\apiguardian-api\1.1.2\apiguardian-api-1.1.2.jar;C:\Tools\repo\org\junit\jupiter\junit-jupiter-params\5.10.3\junit-jupiter-params-5.10.3.jar;C:\Tools\repo\org\junit\jupiter\junit-jupiter-engine\5.10.3\junit-jupiter-engine-5.10.3.jar;C:\Tools\repo\org\junit\platform\junit-platform-engine\1.10.3\junit-platform-engine-1.10.3.jar;C:\Tools\repo\org\mockito\mockito-junit-jupiter\5.11.0\mockito-junit-jupiter-5.11.0.jar;C:\Tools\repo\org\skyscreamer\jsonassert\1.5.3\jsonassert-1.5.3.jar;C:\Tools\repo\com\vaadin\external\google\android-json\0.0.20131108.vaadin1\android-json-0.0.20131108.vaadin1.jar;C:\Tools\repo\org\springframework\spring-core\6.1.12\spring-core-6.1.12.jar;C:\Tools\repo\org\springframework\spring-jcl\6.1.12\spring-jcl-6.1.12.jar;C:\Tools\repo\org\springframework\spring-test\6.1.12\spring-test-6.1.12.jar;C:\Tools\repo\org\xmlunit\xmlunit-core\2.9.1\xmlunit-core-2.9.1.jar;C:\Tools\repo\org\testcontainers\junit-jupiter\1.19.8\junit-jupiter-1.19.8.jar;C:\Tools\repo\org\testcontainers\testcontainers\1.19.8\testcontainers-1.19.8.jar;C:\Tools\repo\junit\junit\4.13.2\junit-4.13.2.jar;C:\Tools\repo\org\hamcrest\hamcrest-core\2.2\hamcrest-core-2.2.jar;C:\Tools\repo\org\apache\commons\commons-compress\1.24.0\commons-compress-1.24.0.jar;C:\Tools\repo\org\rnorth\duct-tape\duct-tape\1.0.8\duct-tape-1.0.8.jar;C:\Tools\repo\org\jetbrains\annotations\17.0.0\annotations-17.0.0.jar;C:\Tools\repo\com\github\docker-java\docker-java-api\3.3.6\docker-java-api-3.3.6.jar;C:\Tools\repo\com\github\docker-java\docker-java-transport-zerodep\3.3.6\docker-java-transport-zerodep-3.3.6.jar;C:\Tools\repo\com\github\docker-java\docker-java-transport\3.3.6\docker-java-transport-3.3.6.jar;C:\Tools\repo\net\java\dev\jna\jna\5.13.0\jna-5.13.0.jar;C:\Tools\repo\org\testcontainers\postgresql\1.19.8\postgresql-1.19.8.jar;C:\Tools\repo\org\testcontainers\jdbc\1.19.8\jdbc-1.19.8.jar;C:\Tools\repo\org\testcontainers\database-commons\1.19.8\database-commons-1.19.8.jar;C:\Tools\repo\org\mockito\mockito-core\5.11.0\mockito-core-5.11.0.jar;C:\Tools\repo\net\bytebuddy\byte-buddy\1.14.19\byte-buddy-1.14.19.jar;C:\Tools\repo\net\bytebuddy\byte-buddy-agent\1.14.19\byte-buddy-agent-1.14.19.jar;C:\Tools\repo\org\objenesis\objenesis\3.3\objenesis-3.3.jar;"/>
    <property name="sun.cpu.endian" value="little"/>
    <property name="user.home" value="C:\Users\miasanchez"/>
    <property name="user.language" value="es"/>
    <property name="java.specification.vendor" value="Oracle Corporation"/>
    <property name="java.version.date" value="2024-01-16"/>
    <property name="java.home" value="C:\ssg\facsa\wtc\tools\openjdk-21.0.2\jdk-21.0.2"/>
    <property name="file.separator" value="\"/>
    <property name="basedir" value="C:\ciudadania360\subsistema-tramitacion"/>
    <property name="java.vm.compressedOopsMode" value="Zero based"/>
    <property name="line.separator" value="&#10;"/>
    <property name="java.vm.specification.vendor" value="Oracle Corporation"/>
    <property name="java.specification.name" value="Java Platform API Specification"/>
    <property name="surefire.real.class.path" value="C:\Users\miasanchez\AppData\Local\Temp\surefire12068767873568280519\surefirebooter-20250822102227382_3.jar"/>
    <property name="user.script" value=""/>
    <property name="sun.management.compiler" value="HotSpot 64-Bit Tiered Compilers"/>
    <property name="java.runtime.version" value="21.0.2+13-58"/>
    <property name="user.name" value="miasanchez"/>
    <property name="stdout.encoding" value="Cp1252"/>
    <property name="path.separator" value=";"/>
    <property name="os.version" value="10.0"/>
    <property name="java.runtime.name" value="OpenJDK Runtime Environment"/>
    <property name="file.encoding" value="UTF-8"/>
    <property name="java.vm.name" value="OpenJDK 64-Bit Server VM"/>
    <property name="localRepository" value="C:\Tools\repo"/>
    <property name="java.vendor.url.bug" value="https://bugreport.java.com/bugreport/"/>
    <property name="java.io.tmpdir" value="C:\Users\MIASAN~1\AppData\Local\Temp\"/>
    <property name="idea.version" value="2023.2.6"/>
    <property name="java.version" value="21.0.2"/>
    <property name="user.dir" value="C:\ciudadania360\subsistema-tramitacion"/>
    <property name="os.arch" value="amd64"/>
    <property name="java.vm.specification.name" value="Java Virtual Machine Specification"/>
    <property name="sun.os.patch.level" value=""/>
    <property name="native.encoding" value="Cp1252"/>
    <property name="java.library.path" value="C:\ssg\facsa\wtc\tools\openjdk-21.0.2\jdk-21.0.2\bin;C:\WINDOWS\Sun\Java\bin;C:\WINDOWS\system32;C:\WINDOWS;C:\Program Files\Microsoft SDKs\Azure\CLI2\wbin;C:\WINDOWS\system32;C:\WINDOWS;C:\WINDOWS\System32\Wbem;C:\WINDOWS\System32\WindowsPowerShell\v1.0\;C:\WINDOWS\System32\OpenSSH\;C:\Program Files (x86)\Pulse Secure\VC142.CRT\X64\;C:\Program Files (x86)\Pulse Secure\VC142.CRT\X86\;C:\Program Files (x86)\Common Files\Pulse Secure\TNC Client Plugin\;C:\WINDOWS\System32\WindowsPowerShell\v1.0\;C:\Program Files\WindowsPowerShell\Scripts\HP.ClientScriptLibrary;C:\Program Files\PowerShell\7-preview\preview;C:\ProgramData\chocolatey\bin;C:\Users\miasanchez\AppData\Roaming\nvm;C:\Program Files\nodejs;C:\Program Files\Docker\Docker\resources\bin;C:\Program Files\RedHat\Podman\;C:\Program Files\PowerShell\7\;C:\Tools\openjdk-21.0.2\jdk-21.0.2\bin;C:\Program Files\PowerShell\7;C:\Program Files\Microsoft SDKs\Azure\CLI2\wbin;C:\WINDOWS\system32;C:\WINDOWS;C:\WINDOWS\System32\Wbem;C:\WINDOWS\System32\WindowsPowerShell\v1.0\;C:\WINDOWS\System32\OpenSSH\;C:\Program Files (x86)\Pulse Secure\VC142.CRT\X64\;C:\Program Files (x86)\Pulse Secure\VC142.CRT\X86\;C:\Program Files (x86)\Common Files\Pulse Secure\TNC Client Plugin\;C:\WINDOWS\System32\WindowsPowerShell\v1.0\;C:\Program Files\WindowsPowerShell\Scripts\HP.ClientScriptLibrary;C:\Program Files\PowerShell\7-preview\preview;C:\ProgramData\chocolatey\bin;C:\Users\miasanchez\AppData\Roaming\nvm;C:\Program Files\nodejs;C:\Program Files\Docker\Docker\resources\bin;C:\Program Files\RedHat\Podman\;C:\Program Files\PowerShell\7\;C:\WINDOWS\system32\config\systemprofile\AppData\Local\Microsoft\WindowsApps;C:\Tools\openjdk-21.0.2\jdk-21.0.2\bin;C:\Tools\apache-maven-3.9.11\bin;C:\Users\miasanchez\AppData\Local\Programs;C:\Users\miasanchez\AppData\Local\Programs\Microsoft VS Code\bin;C:\Users\miasanchez\AppData\Local\Programs\Git\cmd;."/>
    <property name="java.vm.info" value="mixed mode, sharing"/>
    <property name="stderr.encoding" value="Cp1252"/>
    <property name="java.vendor" value="Oracle Corporation"/>
    <property name="java.vm.version" value="21.0.2+13-58"/>
    <property name="sun.io.unicode.encoding" value="UnicodeLittle"/>
    <property name="maven.repo.local" value="C:\Tools\repo"/>
    <property name="java.class.version" value="65.0"/>
  </properties>
  <testcase name="listAndCreate" classname="com.ciudadania360.subsistematramitacion.controller.ProcesoBPMControllerTest" time="0.088">
    <system-out><![CDATA[10:22:37.284 [main] INFO org.springframework.mock.web.MockServletContext -- Initializing Spring TestDispatcherServlet ''
10:22:37.285 [main] INFO org.springframework.test.web.servlet.TestDispatcherServlet -- Initializing Servlet ''
10:22:37.285 [main] INFO org.springframework.test.web.servlet.TestDispatcherServlet -- Completed initialization in 0 ms
]]></system-out>
  </testcase>
</testsuite>